{ Title: 'Jumanji',
  Year: '1995',
  Rated: 'PG',
  Released: '15 Dec 1995',
  Runtime: '104 min',
  Genre: 'Action, Adventure, Family',
  Director: 'Joe Johnston',
  Writer: 'Jonathan Hensleigh (screenplay), Greg Taylor (screenplay), Jim Strain (screenplay), Greg Taylor (screen story), Jim Strain (screen story), Chris Van Allsburg (screen story), Chris Van Allsburg (book)',
  Actors: 'Robin Williams, Jonathan Hyde, Kirsten Dunst, Bradley Pierce',
  Plot: 'When two kids find and play a magical board game, they release a man trapped for decades in it and a host of dangers that can only be stopped by finishing the game.',
  Language: 'English, French',
  Country: 'USA',
  Awards: '4 wins & 9 nominations.',
  Poster: 'https://images-na.ssl-images-amazon.com/images/M/MV5BZTk2ZmUwYmEtNTcwZS00YmMyLWFkYjMtNTRmZDA3YWExMjc2XkEyXkFqcGdeQXVyMTQxNzMzNDI@._V1_SX300.jpg',
  Ratings: 
   [ { Source: 'Internet Movie Database', Value: '6.9/10' },
     { Source: 'Rotten Tomatoes', Value: '48%' },
     { Source: 'Metacritic', Value: '39/100' } ],
  Metascore: '39',
  imdbRating: '6.9',
  imdbVotes: '231,041',
  imdbID: 'tt0113497',
  Type: 'movie',
  DVD: '25 Jan 2000',
  BoxOffice: 'N/A',
  Production: 'Sony Pictures Home Entertainment',
  Website: 'N/A',
  Response: 'True' }
Title: Jumanji
Year: 1995
IMDB Rating: 6.9
Rotton Tomatoes Rating: undefined
Country: USA
Language: English, French
Plot: When two kids find and play a magical board game, they release a man trapped for decades in it and a host of dangers that can only be stopped by finishing the game.
Actors: Robin Williams, Jonathan Hyde, Kirsten Dunst, Bradley Pierce
