[
  {
    "created_at": "Fri Sep 22 05:33:07 +0000 2017",
    "id": 911101029847937000,
    "id_str": "911101029847937024",
    "text": "What's up everyone?",
    "truncated": false,
    "entities": {
      "hashtags": [],
      "symbols": [],
      "user_mentions": [],
      "urls": []
    },
    "source": "<a href=\"http://twitter.com\" rel=\"nofollow\">Twitter Web Client</a>",
    "in_reply_to_status_id": null,
    "in_reply_to_status_id_str": null,
    "in_reply_to_user_id": null,
    "in_reply_to_user_id_str": null,
    "in_reply_to_screen_name": null,
    "user": {
      "id": 911054969545007100,
      "id_str": "911054969545007104",
      "name": "Wa",
      "screen_name": "stonemonkey88",
      "location": "",
      "description": "",
      "url": null,
      "entities": {
        "description": {
          "urls": []
        }
      },
      "protected": false,
      "followers_count": 0,
      "friends_count": 0,
      "listed_count": 0,
      "created_at": "Fri Sep 22 02:30:06 +0000 2017",
      "favourites_count": 0,
      "utc_offset": null,
      "time_zone": null,
      "geo_enabled": false,
      "verified": false,
      "statuses_count": 2,
      "lang": "en",
      "contributors_enabled": false,
      "is_translator": false,
      "is_translation_enabled": false,
      "profile_background_color": "F5F8FA",
      "profile_background_image_url": null,
      "profile_background_image_url_https": null,
      "profile_background_tile": false,
      "profile_image_url": "http://abs.twimg.com/sticky/default_profile_images/default_profile_normal.png",
      "profile_image_url_https": "https://abs.twimg.com/sticky/default_profile_images/default_profile_normal.png",
      "profile_link_color": "1DA1F2",
      "profile_sidebar_border_color": "C0DEED",
      "profile_sidebar_fill_color": "DDEEF6",
      "profile_text_color": "333333",
      "profile_use_background_image": true,
      "has_extended_profile": false,
      "default_profile": true,
      "default_profile_image": true,
      "following": false,
      "follow_request_sent": false,
      "notifications": false,
      "translator_type": "none"
    },
    "geo": null,
    "coordinates": null,
    "place": null,
    "contributors": null,
    "is_quote_status": false,
    "retweet_count": 0,
    "favorite_count": 0,
    "favorited": false,
    "retweeted": false,
    "lang": "en"
  },
  {
    "created_at": "Fri Sep 22 05:02:45 +0000 2017",
    "id": 911093386672717800,
    "id_str": "911093386672717824",
    "text": "Testing... 1...2...3.. testing.....",
    "truncated": false,
    "entities": {
      "hashtags": [],
      "symbols": [],
      "user_mentions": [],
      "urls": []
    },
    "source": "<a href=\"http://twitter.com\" rel=\"nofollow\">Twitter Web Client</a>",
    "in_reply_to_status_id": null,
    "in_reply_to_status_id_str": null,
    "in_reply_to_user_id": null,
    "in_reply_to_user_id_str": null,
    "in_reply_to_screen_name": null,
    "user": {
      "id": 911054969545007100,
      "id_str": "911054969545007104",
      "name": "Wa",
      "screen_name": "stonemonkey88",
      "location": "",
      "description": "",
      "url": null,
      "entities": {
        "description": {
          "urls": []
        }
      },
      "protected": false,
      "followers_count": 0,
      "friends_count": 0,
      "listed_count": 0,
      "created_at": "Fri Sep 22 02:30:06 +0000 2017",
      "favourites_count": 0,
      "utc_offset": null,
      "time_zone": null,
      "geo_enabled": false,
      "verified": false,
      "statuses_count": 2,
      "lang": "en",
      "contributors_enabled": false,
      "is_translator": false,
      "is_translation_enabled": false,
      "profile_background_color": "F5F8FA",
      "profile_background_image_url": null,
      "profile_background_image_url_https": null,
      "profile_background_tile": false,
      "profile_image_url": "http://abs.twimg.com/sticky/default_profile_images/default_profile_normal.png",
      "profile_image_url_https": "https://abs.twimg.com/sticky/default_profile_images/default_profile_normal.png",
      "profile_link_color": "1DA1F2",
      "profile_sidebar_border_color": "C0DEED",
      "profile_sidebar_fill_color": "DDEEF6",
      "profile_text_color": "333333",
      "profile_use_background_image": true,
      "has_extended_profile": false,
      "default_profile": true,
      "default_profile_image": true,
      "following": false,
      "follow_request_sent": false,
      "notifications": false,
      "translator_type": "none"
    },
    "geo": null,
    "coordinates": null,
    "place": null,
    "contributors": null,
    "is_quote_status": false,
    "retweet_count": 0,
    "favorite_count": 0,
    "favorited": false,
    "retweeted": false,
    "lang": "en"
  }
]
Created: Fri Sep 22 05:33:07 +0000 2017
What's up everyone?
==================
Created: Fri Sep 22 05:02:45 +0000 2017
Testing... 1...2...3.. testing.....
==================
